#
# A fatal error has been detected by the Java Runtime Environment:
#
#  EXCEPTION_ACCESS_VIOLATION (0xc0000005) at pc=0x0000000002a49000, pid=27132, tid=0x0000000000003974
#
# JRE version: Java(TM) SE Runtime Environment (8.0_221-b11) (build 1.8.0_221-b11)
# Java VM: Java HotSpot(TM) 64-Bit Server VM (25.221-b11 mixed mode windows-amd64 compressed oops)
# Problematic frame:
# j  javax.validation.Validation.buildDefaultValidatorFactory()Ljavax/validation/ValidatorFactory;+0
#
# Failed to write core dump. Minidumps are not enabled by default on client versions of Windows
#
# If you would like to submit a bug report, please visit:
#   http://bugreport.java.com/bugreport/crash.jsp
#

---------------  T H R E A D  ---------------

Current thread (0x0000000002927800):  JavaThread "main" [_thread_in_Java, id=14708, stack(0x0000000002820000,0x0000000002920000)]

siginfo: ExceptionCode=0xc0000005, reading address 0x0000000000002996

Registers:
RAX=0xffffffffc05d2e08, RBX=0xffffffffffffff94, RCX=0x000000000291de10, RDX=0x000000000000298a
RSP=0x000000000291dde8, RBP=0x000000000291de08, RSI=0x0000000719183b78, RDI=0x0000000000000027
R8 =0x0000000000000009, R9 =0x0000000000000009, R10=0x000000006d02eef0, R11=0x000000002d0ce530
R12=0x0000000000000000, R13=0x00000000298a3afa, R14=0x000000000291de10, R15=0x0000000002927800
RIP=0x0000000002a49000, EFLAGS=0x0000000000010293

Top of Stack: (sp=0x000000000291dde8)
0x000000000291dde8:   0000000000000000 00000000298a3af8
0x000000000291ddf8:   0000000000000000 000000000291de18
0x000000000291de08:   000000000291de58 0000000002a280e0
0x000000000291de18:   000000000291de18 000000002d0cb83f
0x000000000291de28:   000000000291de78 000000002d0cbb90
0x000000000291de38:   0000000000000000 000000002d0cb890
0x000000000291de48:   000000000291de18 000000000291de78
0x000000000291de58:   000000000291dec0 0000000002a280e0
0x000000000291de68:   0000000000000000 0000000000000000
0x000000000291de78:   000000071b8a4ed0 000000000291de80
0x000000000291de88:   000000002d0ca219 000000000291dee0
0x000000000291de98:   000000002d0cbb90 0000000000000000
0x000000000291dea8:   000000002d0ca2c0 000000000291de78
0x000000000291deb8:   000000000291dee0 000000000291dfc0
0x000000000291dec8:   0000000002a208da 0000000000000000
0x000000000291ded8:   0000000000000000 000000071b8a4ed0 

Instructions: (pc=0x0000000002a49000)
0x0000000002a48fe0:   00 00 48 83 ec 10 48 89 04 24 e9 01 00 00 00 50
0x0000000002a48ff0:   41 0f b6 5d 01 48 f7 db 41 8b 04 de 5a 48 63 c0
0x0000000002a49000:   3b 42 0c 8b d8 0f 83 15 a7 fe ff 0f b7 44 42 10
0x0000000002a49010:   41 0f b6 5d 03 49 83 c5 03 49 ba f0 e6 02 6d 00 


Register to memory mapping:

RAX=0xffffffffc05d2e08 is an unknown value
RBX=0xffffffffffffff94 is an unknown value
RCX=0x000000000291de10 is pointing into the stack for thread: 0x0000000002927800
RDX=0x000000000000298a is an unknown value
RSP=0x000000000291dde8 is pointing into the stack for thread: 0x0000000002927800
RBP=0x000000000291de08 is pointing into the stack for thread: 0x0000000002927800
RSI=0x0000000719183b78 is an oop
java.util.HashMap$Node 
 - klass: 'java/util/HashMap$Node'
RDI=0x0000000000000027 is an unknown value
R8 =0x0000000000000009 is an unknown value
R9 =0x0000000000000009 is an unknown value
R10=0x000000006d02eef0 is an unknown value
R11=0x000000002d0ce530 is pointing into metadata
R12=0x0000000000000000 is an unknown value
R13=0x00000000298a3afa is pointing into metadata
R14=0x000000000291de10 is pointing into the stack for thread: 0x0000000002927800
R15=0x0000000002927800 is a thread


Stack: [0x0000000002820000,0x0000000002920000],  sp=0x000000000291dde8,  free space=1015k
Native frames: (J=compiled Java code, j=interpreted, Vv=VM code, C=native code)
C  0x0000000002a49000


---------------  P R O C E S S  ---------------

Java Threads: ( => current thread )
  0x0000000027406800 JavaThread "HikariPool-1 connection adder" daemon [_thread_in_native, id=20328, stack(0x000000002c910000,0x000000002ca10000)]
  0x000000002a9c4800 JavaThread "HikariPool-1 housekeeper" daemon [_thread_blocked, id=2740, stack(0x000000002c810000,0x000000002c910000)]
  0x000000002a9f7800 JavaThread "OJDBC-WORKER-THREAD-1" daemon [_thread_blocked, id=26440, stack(0x000000002c710000,0x000000002c810000)]
  0x000000002a8bd800 JavaThread "InterruptTimer" daemon [_thread_blocked, id=26212, stack(0x000000002c310000,0x000000002c410000)]
  0x000000002a8bd000 JavaThread "oracle.jdbc.driver.BlockSource.ThreadedCachingBlockSource.BlockReleaser" daemon [_thread_blocked, id=26616, stack(0x000000002c210000,0x000000002c310000)]
  0x0000000028fd1000 JavaThread "container-0" [_thread_blocked, id=392, stack(0x000000002be10000,0x000000002bf10000)]
  0x0000000027252800 JavaThread "Catalina-utility-2" [_thread_blocked, id=17244, stack(0x000000002bd10000,0x000000002be10000)]
  0x000000002a7ae000 JavaThread "Catalina-utility-1" [_thread_blocked, id=20348, stack(0x0000000029c40000,0x0000000029d40000)]
  0x0000000027185000 JavaThread "Service Thread" daemon [_thread_blocked, id=24832, stack(0x0000000028b80000,0x0000000028c80000)]
  0x00000000270f9000 JavaThread "C1 CompilerThread3" daemon [_thread_blocked, id=25936, stack(0x0000000028a80000,0x0000000028b80000)]
  0x00000000270f8000 JavaThread "C2 CompilerThread2" daemon [_thread_blocked, id=11216, stack(0x0000000028980000,0x0000000028a80000)]
  0x00000000270f2000 JavaThread "C2 CompilerThread1" daemon [_thread_blocked, id=24440, stack(0x0000000028880000,0x0000000028980000)]
  0x00000000270ee800 JavaThread "C2 CompilerThread0" daemon [_thread_blocked, id=17664, stack(0x0000000028780000,0x0000000028880000)]
  0x00000000270ed800 JavaThread "Attach Listener" daemon [_thread_blocked, id=22308, stack(0x0000000028680000,0x0000000028780000)]
  0x00000000270ea800 JavaThread "Signal Dispatcher" daemon [_thread_blocked, id=24388, stack(0x0000000028580000,0x0000000028680000)]
  0x00000000259f4800 JavaThread "Finalizer" daemon [_thread_blocked, id=17036, stack(0x0000000028350000,0x0000000028450000)]
  0x00000000270d3000 JavaThread "Reference Handler" daemon [_thread_blocked, id=15332, stack(0x0000000028250000,0x0000000028350000)]
=>0x0000000002927800 JavaThread "main" [_thread_in_Java, id=14708, stack(0x0000000002820000,0x0000000002920000)]

Other Threads:
  0x0000000002a1e000 VMThread [stack: 0x0000000028150000,0x0000000028250000] [id=24624]
  0x000000002719f000 WatcherThread [stack: 0x0000000028c80000,0x0000000028d80000] [id=15856]

VM state:not at safepoint (normal execution)

VM Mutex/Monitor currently owned by a thread: None

heap address: 0x00000005c5a00000, size: 8102 MB, Compressed Oops mode: Zero based, Oop shift amount: 3
Narrow klass base: 0x0000000000000000, Narrow klass shift: 3
Compressed class space size: 1073741824 Address: 0x00000007c0000000

Heap:
 PSYoungGen      total 281600K, used 73144K [0x0000000717380000, 0x0000000730300000, 0x00000007c0000000)
  eden space 260096K, 28% used [0x0000000717380000,0x000000071baee270,0x0000000727180000)
  from space 21504K, 0% used [0x0000000727180000,0x0000000727180000,0x0000000728680000)
  to   space 21504K, 0% used [0x000000072ee00000,0x000000072ee00000,0x0000000730300000)
 ParOldGen       total 322560K, used 21678K [0x00000005c5a00000, 0x00000005d9500000, 0x0000000717380000)
  object space 322560K, 6% used [0x00000005c5a00000,0x00000005c6f2bba0,0x00000005d9500000)
 Metaspace       used 41415K, capacity 43534K, committed 43904K, reserved 1087488K
  class space    used 5555K, capacity 5970K, committed 6016K, reserved 1048576K

Card table byte_map: [0x0000000011de0000,0x0000000012dc0000] byte_map_base: 0x000000000efb3000

Marking Bits: (ParMarkBitMap*) 0x000000006d045ce0
 Begin Bits: [0x0000000014250000, 0x000000001c0e8000)
 End Bits:   [0x000000001c0e8000, 0x0000000023f80000)

Polling page: 0x0000000000fa0000

CodeCache: size=245760Kb used=6968Kb max_used=6968Kb free=238791Kb
 bounds [0x0000000002a20000, 0x00000000030f0000, 0x0000000011a20000]
 total_blobs=3937 nmethods=3420 adapters=429
 compilation: enabled

Compilation events (10 events):
Event: 6.022 Thread 0x00000000270f9000 3414       1       org.hibernate.event.spi.EventType::ordinal (5 bytes)
Event: 6.022 Thread 0x00000000270f9000 nmethod 3414 0x00000000030ec3d0 code [0x00000000030ec520, 0x00000000030ec630]
Event: 6.025 Thread 0x00000000270f9000 3415       1       org.hibernate.event.service.internal.EventListenerRegistryImpl$Builder$$Lambda$611/470187021::apply (11 bytes)
Event: 6.025 Thread 0x00000000270f9000 nmethod 3415 0x00000000030ec690 code [0x00000000030ec800, 0x00000000030ec9f0]
Event: 6.027 Thread 0x00000000270f9000 3416       1       java.util.Collections$UnmodifiableMap$UnmodifiableEntrySet$UnmodifiableEntry::getKey (10 bytes)
Event: 6.027 Thread 0x00000000270f9000 nmethod 3416 0x00000000030ecb50 code [0x00000000030ecca0, 0x00000000030ecde8]
Event: 6.028 Thread 0x00000000270f9000 3417       1       java.lang.Integer::compareTo (9 bytes)
Event: 6.029 Thread 0x00000000270f9000 nmethod 3417 0x00000000030ece50 code [0x00000000030ecfa0, 0x00000000030ed110]
Event: 6.029 Thread 0x00000000270f9000 3418       1       java.lang.Integer::compareTo (12 bytes)
Event: 6.029 Thread 0x00000000270f9000 nmethod 3418 0x00000000030ed1d0 code [0x00000000030ed320, 0x00000000030ed470]

GC Heap History (10 events):
Event: 1.138 GC heap before
{Heap before GC invocations=1 (full 0):
 PSYoungGen      total 151552K, used 130048K [0x0000000717380000, 0x0000000721c80000, 0x00000007c0000000)
  eden space 130048K, 100% used [0x0000000717380000,0x000000071f280000,0x000000071f280000)
  from space 21504K, 0% used [0x0000000720780000,0x0000000720780000,0x0000000721c80000)
  to   space 21504K, 0% used [0x000000071f280000,0x000000071f280000,0x0000000720780000)
 ParOldGen       total 347136K, used 0K [0x00000005c5a00000, 0x00000005dad00000, 0x0000000717380000)
  object space 347136K, 0% used [0x00000005c5a00000,0x00000005c5a00000,0x00000005dad00000)
 Metaspace       used 17196K, capacity 18030K, committed 18304K, reserved 1064960K
  class space    used 2188K, capacity 2381K, committed 2432K, reserved 1048576K
Event: 1.165 GC heap after
Heap after GC invocations=1 (full 0):
 PSYoungGen      total 151552K, used 14774K [0x0000000717380000, 0x0000000729b80000, 0x00000007c0000000)
  eden space 130048K, 0% used [0x0000000717380000,0x0000000717380000,0x000000071f280000)
  from space 21504K, 68% used [0x000000071f280000,0x00000007200ed880,0x0000000720780000)
  to   space 21504K, 0% used [0x0000000728680000,0x0000000728680000,0x0000000729b80000)
 ParOldGen       total 347136K, used 24K [0x00000005c5a00000, 0x00000005dad00000, 0x0000000717380000)
  object space 347136K, 0% used [0x00000005c5a00000,0x00000005c5a06000,0x00000005dad00000)
 Metaspace       used 17196K, capacity 18030K, committed 18304K, reserved 1064960K
  class space    used 2188K, capacity 2381K, committed 2432K, reserved 1048576K
}
Event: 1.775 GC heap before
{Heap before GC invocations=2 (full 0):
 PSYoungGen      total 151552K, used 69595K [0x0000000717380000, 0x0000000729b80000, 0x00000007c0000000)
  eden space 130048K, 42% used [0x0000000717380000,0x000000071a909638,0x000000071f280000)
  from space 21504K, 68% used [0x000000071f280000,0x00000007200ed880,0x0000000720780000)
  to   space 21504K, 0% used [0x0000000728680000,0x0000000728680000,0x0000000729b80000)
 ParOldGen       total 347136K, used 24K [0x00000005c5a00000, 0x00000005dad00000, 0x0000000717380000)
  object space 347136K, 0% used [0x00000005c5a00000,0x00000005c5a06000,0x00000005dad00000)
 Metaspace       used 20114K, capacity 21222K, committed 21296K, reserved 1067008K
  class space    used 2670K, capacity 2903K, committed 2944K, reserved 1048576K
Event: 1.786 GC heap after
Heap after GC invocations=2 (full 0):
 PSYoungGen      total 281600K, used 11103K [0x0000000717380000, 0x0000000729b80000, 0x00000007c0000000)
  eden space 260096K, 0% used [0x0000000717380000,0x0000000717380000,0x0000000727180000)
  from space 21504K, 51% used [0x0000000728680000,0x0000000729157c30,0x0000000729b80000)
  to   space 21504K, 0% used [0x0000000727180000,0x0000000727180000,0x0000000728680000)
 ParOldGen       total 347136K, used 32K [0x00000005c5a00000, 0x00000005dad00000, 0x0000000717380000)
  object space 347136K, 0% used [0x00000005c5a00000,0x00000005c5a08000,0x00000005dad00000)
 Metaspace       used 20114K, capacity 21222K, committed 21296K, reserved 1067008K
  class space    used 2670K, capacity 2903K, committed 2944K, reserved 1048576K
}
Event: 1.786 GC heap before
{Heap before GC invocations=3 (full 1):
 PSYoungGen      total 281600K, used 11103K [0x0000000717380000, 0x0000000729b80000, 0x00000007c0000000)
  eden space 260096K, 0% used [0x0000000717380000,0x0000000717380000,0x0000000727180000)
  from space 21504K, 51% used [0x0000000728680000,0x0000000729157c30,0x0000000729b80000)
  to   space 21504K, 0% used [0x0000000727180000,0x0000000727180000,0x0000000728680000)
 ParOldGen       total 347136K, used 32K [0x00000005c5a00000, 0x00000005dad00000, 0x0000000717380000)
  object space 347136K, 0% used [0x00000005c5a00000,0x00000005c5a08000,0x00000005dad00000)
 Metaspace       used 20114K, capacity 21222K, committed 21296K, reserved 1067008K
  class space    used 2670K, capacity 2903K, committed 2944K, reserved 1048576K
Event: 1.826 GC heap after
Heap after GC invocations=3 (full 1):
 PSYoungGen      total 281600K, used 0K [0x0000000717380000, 0x0000000729b80000, 0x00000007c0000000)
  eden space 260096K, 0% used [0x0000000717380000,0x0000000717380000,0x0000000727180000)
  from space 21504K, 0% used [0x0000000728680000,0x0000000728680000,0x0000000729b80000)
  to   space 21504K, 0% used [0x0000000727180000,0x0000000727180000,0x0000000728680000)
 ParOldGen       total 208896K, used 10748K [0x00000005c5a00000, 0x00000005d2600000, 0x0000000717380000)
  object space 208896K, 5% used [0x00000005c5a00000,0x00000005c647f180,0x00000005d2600000)
 Metaspace       used 20114K, capacity 21222K, committed 21296K, reserved 1067008K
  class space    used 2670K, capacity 2903K, committed 2944K, reserved 1048576K
}
Event: 5.361 GC heap before
{Heap before GC invocations=4 (full 1):
 PSYoungGen      total 281600K, used 149236K [0x0000000717380000, 0x0000000729b80000, 0x00000007c0000000)
  eden space 260096K, 57% used [0x0000000717380000,0x000000072053d128,0x0000000727180000)
  from space 21504K, 0% used [0x0000000728680000,0x0000000728680000,0x0000000729b80000)
  to   space 21504K, 0% used [0x0000000727180000,0x0000000727180000,0x0000000728680000)
 ParOldGen       total 208896K, used 10748K [0x00000005c5a00000, 0x00000005d2600000, 0x0000000717380000)
  object space 208896K, 5% used [0x00000005c5a00000,0x00000005c647f180,0x00000005d2600000)
 Metaspace       used 33444K, capacity 35360K, committed 35496K, reserved 1079296K
  class space    used 4375K, capacity 4756K, committed 4864K, reserved 1048576K
Event: 5.376 GC heap after
Heap after GC invocations=4 (full 1):
 PSYoungGen      total 281600K, used 15323K [0x0000000717380000, 0x0000000730300000, 0x00000007c0000000)
  eden space 260096K, 0% used [0x0000000717380000,0x0000000717380000,0x0000000727180000)
  from space 21504K, 71% used [0x0000000727180000,0x0000000728076e50,0x0000000728680000)
  to   space 21504K, 0% used [0x000000072ee00000,0x000000072ee00000,0x0000000730300000)
 ParOldGen       total 208896K, used 10756K [0x00000005c5a00000, 0x00000005d2600000, 0x0000000717380000)
  object space 208896K, 5% used [0x00000005c5a00000,0x00000005c6481180,0x00000005d2600000)
 Metaspace       used 33444K, capacity 35360K, committed 35496K, reserved 1079296K
  class space    used 4375K, capacity 4756K, committed 4864K, reserved 1048576K
}
Event: 5.376 GC heap before
{Heap before GC invocations=5 (full 2):
 PSYoungGen      total 281600K, used 15323K [0x0000000717380000, 0x0000000730300000, 0x00000007c0000000)
  eden space 260096K, 0% used [0x0000000717380000,0x0000000717380000,0x0000000727180000)
  from space 21504K, 71% used [0x0000000727180000,0x0000000728076e50,0x0000000728680000)
  to   space 21504K, 0% used [0x000000072ee00000,0x000000072ee00000,0x0000000730300000)
 ParOldGen       total 208896K, used 10756K [0x00000005c5a00000, 0x00000005d2600000, 0x0000000717380000)
  object space 208896K, 5% used [0x00000005c5a00000,0x00000005c6481180,0x00000005d2600000)
 Metaspace       used 33444K, capacity 35360K, committed 35496K, reserved 1079296K
  class space    used 4375K, capacity 4756K, committed 4864K, reserved 1048576K
Event: 5.413 GC heap after
Heap after GC invocations=5 (full 2):
 PSYoungGen      total 281600K, used 0K [0x0000000717380000, 0x0000000730300000, 0x00000007c0000000)
  eden space 260096K, 0% used [0x0000000717380000,0x0000000717380000,0x0000000727180000)
  from space 21504K, 0% used [0x0000000727180000,0x0000000727180000,0x0000000728680000)
  to   space 21504K, 0% used [0x000000072ee00000,0x000000072ee00000,0x0000000730300000)
 ParOldGen       total 322560K, used 21678K [0x00000005c5a00000, 0x00000005d9500000, 0x0000000717380000)
  object space 322560K, 6% used [0x00000005c5a00000,0x00000005c6f2bba0,0x00000005d9500000)
 Metaspace       used 33444K, capacity 35360K, committed 35496K, reserved 1079296K
  class space    used 4375K, capacity 4756K, committed 4864K, reserved 1048576K
}

Deoptimization events (0 events):
No events

Classes redefined (0 events):
No events

Internal exceptions (10 events):
Event: 3.490 Thread 0x0000000002927800 Exception <a 'java/lang/ArrayIndexOutOfBoundsException'> (0x000000071e00a6c8) thrown at [C:\re\workspace\8-2-build-windows-amd64-cygwin\jdk8u221\13320\hotspot\src\share\vm\runtime\sharedRuntime.cpp, line 605]
Event: 3.491 Thread 0x0000000002927800 Exception <a 'java/lang/ArrayIndexOutOfBoundsException'> (0x000000071e04ecc8) thrown at [C:\re\workspace\8-2-build-windows-amd64-cygwin\jdk8u221\13320\hotspot\src\share\vm\runtime\sharedRuntime.cpp, line 605]
Event: 3.492 Thread 0x0000000002927800 Exception <a 'java/lang/ArrayIndexOutOfBoundsException'> (0x000000071e074d88) thrown at [C:\re\workspace\8-2-build-windows-amd64-cygwin\jdk8u221\13320\hotspot\src\share\vm\runtime\sharedRuntime.cpp, line 605]
Event: 3.493 Thread 0x0000000002927800 Exception <a 'java/lang/ArrayIndexOutOfBoundsException'> (0x000000071e08dd30) thrown at [C:\re\workspace\8-2-build-windows-amd64-cygwin\jdk8u221\13320\hotspot\src\share\vm\runtime\sharedRuntime.cpp, line 605]
Event: 3.499 Thread 0x0000000002927800 Exception <a 'java/lang/ArrayIndexOutOfBoundsException'> (0x000000071e11c3b0) thrown at [C:\re\workspace\8-2-build-windows-amd64-cygwin\jdk8u221\13320\hotspot\src\share\vm\runtime\sharedRuntime.cpp, line 605]
Event: 3.499 Thread 0x0000000002927800 Exception <a 'java/lang/ArrayIndexOutOfBoundsException'> (0x000000071e11dbb0) thrown at [C:\re\workspace\8-2-build-windows-amd64-cygwin\jdk8u221\13320\hotspot\src\share\vm\runtime\sharedRuntime.cpp, line 605]
Event: 4.744 Thread 0x0000000002927800 Exception <a 'java/lang/NoClassDefFoundError': oracle/dms/console/DMSConsole> (0x000000071e8493c0) thrown at [C:\re\workspace\8-2-build-windows-amd64-cygwin\jdk8u221\13320\hotspot\src\share\vm\classfile\systemDictionary.cpp, line 199]
Event: 4.744 Thread 0x0000000002927800 Exception <a 'java/lang/reflect/InvocationTargetException'> (0x000000071e8497b0) thrown at [C:\re\workspace\8-2-build-windows-amd64-cygwin\jdk8u221\13320\hotspot\src\share\vm\runtime\reflection.cpp, line 1092]
Event: 4.894 Thread 0x0000000002927800 Exception <a 'java/lang/NoSuchMethodError': java.lang.Object.lambda$negate$1(Ljava/lang/Object;)Z> (0x000000071ed901a0) thrown at [C:\re\workspace\8-2-build-windows-amd64-cygwin\jdk8u221\13320\hotspot\src\share\vm\interpreter\linkResolver.cpp, line 620]
Event: 5.507 Thread 0x0000000002927800 Exception <a 'java/lang/ClassNotFoundException': java/lang/Module> (0x0000000718721340) thrown at [C:\re\workspace\8-2-build-windows-amd64-cygwin\jdk8u221\13320\hotspot\src\share\vm\classfile\systemDictionary.cpp, line 210]

Events (10 events):
Event: 6.048 loading class org/hibernate/internal/CoreMessageLogger_$logger_es
Event: 6.048 loading class org/hibernate/internal/CoreMessageLogger_$logger_es done
Event: 6.048 loading class org/hibernate/cfg/beanvalidation/ActivationContext
Event: 6.048 loading class org/hibernate/cfg/beanvalidation/ActivationContext done
Event: 6.049 loading class org/hibernate/cfg/beanvalidation/BeanValidationIntegrator$1
Event: 6.049 loading class org/hibernate/cfg/beanvalidation/BeanValidationIntegrator$1 done
Event: 6.049 loading class org/hibernate/cfg/beanvalidation/TypeSafeActivator$1
Event: 6.049 loading class org/hibernate/cfg/beanvalidation/TypeSafeActivator$1 done
Event: 6.049 loading class org/hibernate/cfg/beanvalidation/TypeSafeActivator$2
Event: 6.049 loading class org/hibernate/cfg/beanvalidation/TypeSafeActivator$2 done


Dynamic libraries:
0x00007ff662420000 - 0x00007ff662457000 	C:\Program Files\Java\jdk1.8.0_221\jre\bin\java.exe
0x00007ffe4c1c0000 - 0x00007ffe4c428000 	C:\Windows\SYSTEM32\ntdll.dll
0x00007ffe49f60000 - 0x00007ffe4a029000 	C:\Windows\System32\KERNEL32.DLL
0x00007ffe48e40000 - 0x00007ffe49231000 	C:\Windows\System32\KERNELBASE.dll
0x00007ffe4b530000 - 0x00007ffe4b5e4000 	C:\Windows\System32\ADVAPI32.dll
0x00007ffe4c0c0000 - 0x00007ffe4c169000 	C:\Windows\System32\msvcrt.dll
0x00007ffe4b700000 - 0x00007ffe4b7a6000 	C:\Windows\System32\sechost.dll
0x00007ffe4bca0000 - 0x00007ffe4bdb8000 	C:\Windows\System32\RPCRT4.dll
0x00007ffe4b150000 - 0x00007ffe4b316000 	C:\Windows\System32\USER32.dll
0x00007ffe48e10000 - 0x00007ffe48e37000 	C:\Windows\System32\win32u.dll
0x00007ffe4a210000 - 0x00007ffe4a23b000 	C:\Windows\System32\GDI32.dll
0x00007ffe49c20000 - 0x00007ffe49d4b000 	C:\Windows\System32\gdi32full.dll
0x00007ffe49240000 - 0x00007ffe492e3000 	C:\Windows\System32\msvcp_win.dll
0x00007ffe48cc0000 - 0x00007ffe48e0b000 	C:\Windows\System32\ucrtbase.dll
0x00007ffe1d150000 - 0x00007ffe1d3e3000 	C:\Windows\WinSxS\amd64_microsoft.windows.common-controls_6595b64144ccf1df_6.0.26100.7824_none_3e0870b2e3345462\COMCTL32.dll
0x00007ffe4bdc0000 - 0x00007ffe4bdf1000 	C:\Windows\System32\IMM32.DLL
0x0000000000fb0000 - 0x0000000000fc6000 	C:\Windows\System32\umppc20403.dll
0x00007ffe48780000 - 0x00007ffe488d9000 	C:\Program Files\Avecto\Privilege Guard Client\PGHook.dll
0x000000006d0d0000 - 0x000000006d1a2000 	C:\Program Files\Java\jdk1.8.0_221\jre\bin\msvcr100.dll
0x000000006c820000 - 0x000000006d0c5000 	C:\Program Files\Java\jdk1.8.0_221\jre\bin\server\jvm.dll
0x00007ffe4c0b0000 - 0x00007ffe4c0b8000 	C:\Windows\System32\PSAPI.DLL
0x00007ffe20710000 - 0x00007ffe2071a000 	C:\Windows\SYSTEM32\WSOCK32.dll
0x00007ffe4c030000 - 0x00007ffe4c0a4000 	C:\Windows\System32\WS2_32.dll
0x00007ffe45870000 - 0x00007ffe458a5000 	C:\Windows\SYSTEM32\WINMM.dll
0x00007ffe39070000 - 0x00007ffe3907b000 	C:\Windows\SYSTEM32\VERSION.dll
0x00007ffe32560000 - 0x00007ffe3256f000 	C:\Program Files\Java\jdk1.8.0_221\jre\bin\verify.dll
0x00007ffe32450000 - 0x00007ffe32479000 	C:\Program Files\Java\jdk1.8.0_221\jre\bin\java.dll
0x00007ffe226b0000 - 0x00007ffe226c6000 	C:\Program Files\Java\jdk1.8.0_221\jre\bin\zip.dll
0x00007ffe4a480000 - 0x00007ffe4abd2000 	C:\Windows\System32\SHELL32.dll
0x00007ffe48b50000 - 0x00007ffe48cba000 	C:\Windows\System32\wintypes.dll
0x00007ffe4b910000 - 0x00007ffe4bc96000 	C:\Windows\System32\combase.dll
0x00007ffe493b0000 - 0x00007ffe49c13000 	C:\Windows\System32\windows.storage.dll
0x00007ffe4b320000 - 0x00007ffe4b416000 	C:\Windows\System32\SHCORE.dll
0x00007ffe4b0e0000 - 0x00007ffe4b147000 	C:\Windows\System32\shlwapi.dll
0x00007ffe489c0000 - 0x00007ffe489e9000 	C:\Windows\SYSTEM32\profapi.dll
0x00007ffe37d30000 - 0x00007ffe37d3d000 	C:\Program Files\Java\jdk1.8.0_221\jre\bin\management.dll
0x00007ffe22650000 - 0x00007ffe2266a000 	C:\Program Files\Java\jdk1.8.0_221\jre\bin\net.dll
0x00007ffe27f30000 - 0x00007ffe28110000 	C:\Windows\SYSTEM32\urlmon.dll
0x00007ffe27c50000 - 0x00007ffe27f15000 	C:\Windows\SYSTEM32\iertutil.dll
0x00007ffe27c20000 - 0x00007ffe27c49000 	C:\Windows\SYSTEM32\srvcli.dll
0x00007ffe46e90000 - 0x00007ffe46e9d000 	C:\Windows\SYSTEM32\netutils.dll
0x00007ffe47bf0000 - 0x00007ffe47c5b000 	C:\Windows\system32\mswsock.dll
0x00007ffe12790000 - 0x00007ffe127a8000 	C:\Windows\system32\napinsp.dll
0x00007ffe46ee0000 - 0x00007ffe4700c000 	C:\Windows\SYSTEM32\DNSAPI.dll
0x00007ffe46ea0000 - 0x00007ffe46ed4000 	C:\Windows\SYSTEM32\IPHLPAPI.DLL
0x00007ffe4abe0000 - 0x00007ffe4abea000 	C:\Windows\System32\NSI.dll
0x00007ffe12770000 - 0x00007ffe12782000 	C:\Windows\System32\winrnr.dll
0x00007ffe12740000 - 0x00007ffe12762000 	C:\Windows\system32\nlansp_c.dll
0x00007ffe37fa0000 - 0x00007ffe37fb6000 	C:\Windows\system32\wshbth.dll
0x00007ffe39740000 - 0x00007ffe3974b000 	C:\Windows\System32\rasadhlp.dll
0x00007ffe423a0000 - 0x00007ffe42426000 	C:\Windows\System32\fwpuclnt.dll
0x00007ffe21dd0000 - 0x00007ffe21de2000 	C:\Program Files\Java\jdk1.8.0_221\jre\bin\nio.dll
0x00007ffe47fe0000 - 0x00007ffe47ffb000 	C:\Windows\SYSTEM32\CRYPTSP.dll
0x00007ffe47600000 - 0x00007ffe47639000 	C:\Windows\system32\rsaenh.dll
0x00007ffe47ca0000 - 0x00007ffe47ccb000 	C:\Windows\SYSTEM32\USERENV.dll
0x00007ffe48990000 - 0x00007ffe489ba000 	C:\Windows\SYSTEM32\bcrypt.dll
0x00007ffe48aa0000 - 0x00007ffe48b45000 	C:\Windows\System32\bcryptprimitives.dll
0x00007ffe47e40000 - 0x00007ffe47e4c000 	C:\Windows\SYSTEM32\CRYPTBASE.dll
0x00007ffe42310000 - 0x00007ffe4232e000 	C:\Windows\SYSTEM32\dhcpcsvc6.DLL
0x00007ffe422e0000 - 0x00007ffe42303000 	C:\Windows\SYSTEM32\dhcpcsvc.DLL
0x00007ffe37d40000 - 0x00007ffe37d64000 	C:\Program Files\Java\jdk1.8.0_221\jre\bin\sunec.dll
0x00007ffe37c40000 - 0x00007ffe37c4b000 	C:\Program Files\Java\jdk1.8.0_221\jre\bin\sunmscapi.dll
0x00007ffe49de0000 - 0x00007ffe49f57000 	C:\Windows\System32\CRYPT32.dll
0x00007ffe46740000 - 0x00007ffe46982000 	C:\Windows\SYSTEM32\dbghelp.dll
0x00007ffe4b450000 - 0x00007ffe4b527000 	C:\Windows\System32\OLEAUT32.dll

VM Arguments:
jvm_args: -Xverify:none -XX:TieredStopAtLevel=1 
java_command: com.segurosbolivar.siniestros.SimiestrosApplication
java_class_path (initial): C:\Repos git\APIParametrizadorSiniestros\target\classes;C:\Users\79745463\.m2\repository\jakarta\annotation\jakarta.annotation-api\1.3.5\jakarta.annotation-api-1.3.5.jar;C:\Users\79745463\.m2\repository\org\apache\tomcat\embed\tomcat-embed-core\9.0.68\tomcat-embed-core-9.0.68.jar;C:\Users\79745463\.m2\repository\org\apache\tomcat\embed\tomcat-embed-el\9.0.68\tomcat-embed-el-9.0.68.jar;C:\Users\79745463\.m2\repository\org\apache\tomcat\embed\tomcat-embed-websocket\9.0.68\tomcat-embed-websocket-9.0.68.jar;C:\Users\79745463\.m2\repository\com\oracle\database\jdbc\ojdbc8\21.5.0.0\ojdbc8-21.5.0.0.jar;C:\Users\79745463\.m2\repository\com\fasterxml\jackson\core\jackson-databind\2.13.4.2\jackson-databind-2.13.4.2.jar;C:\Users\79745463\.m2\repository\com\fasterxml\jackson\core\jackson-annotations\2.13.4\jackson-annotations-2.13.4.jar;C:\Users\79745463\.m2\repository\com\fasterxml\jackson\core\jackson-core\2.13.4\jackson-core-2.13.4.jar;C:\Users\79745463\.m2\repository\org\springframework\data\spring-data-oracle\1.0.0.RELEASE\spring-data-oracle-1.0.0.RELEASE.jar;C:\Users\79745463\.m2\repository\org\springframework\data\spring-data-jdbc-core\1.0.0.RELEASE\spring-data-jdbc-core-1.0.0.RELEASE.jar;C:\Users\79745463\.m2\repository\org\springframework\spring-tx\5.3.23\spring-tx-5.3.23.jar;C:\Users\79745463\.m2\repository\org\springframework\spring-core\5.3.23\spring-core-5.3.23.jar;C:\Users\79745463\.m2\repository\org\springframework\spring-jcl\5.3.23\spring-jcl-5.3.23.jar;C:\Users\79745463\.m2\repository\org\springframework\spring-jdbc\5.3.23\spring-jdbc-5.3.23.jar;C:\Users\79745463\.m2\repository\org\springframework\retry\spring-retry\1.3.4\spring-retry-1.3.4.jar;C:\Users\79745463\.m2\repository\org\springframework\spring-context\5.3.23\spring-context-5.3.23.jar;C:\Users\79745463\.m2\repository\org\springframework\spring-aop\5.3.23\spring-aop-5.3.23.jar;C:\Users\79745463\.m2\repository\org\springframework\spring-expression\5.3.23\spring-expression-5.3
Launcher Type: SUN_STANDARD

Environment Variables:
JAVA_HOME=C:/Program Files/Java/jdk1.8.0_221
USERNAME=79745463
SHELL=C:\Users\79745463\AppData\Local\Programs\Git\usr\bin\bash.exe
DISPLAY=needs-to-be-defined
OS=Windows_NT
PROCESSOR_IDENTIFIER=Intel64 Family 6 Model 154 Stepping 4, GenuineIntel



---------------  S Y S T E M  ---------------

OS: Windows 10.0 , 64 bit Build 26100 (10.0.26100.7705)

CPU:total 12 (initial active 12) (6 cores per cpu, 2 threads per core) family 6 model 154 stepping 4, cmov, cx8, fxsr, mmx, sse, sse2, sse3, ssse3, sse4.1, sse4.2, popcnt, avx, avx2, aes, clmul, erms, 3dnowpref, lzcnt, ht, tsc, tscinvbit, bmi1, bmi2, adx

Memory: 4k page, physical 33177900k(16049364k free), swap 35537196k(15570452k free)

vm_info: Java HotSpot(TM) 64-Bit Server VM (25.221-b11) for windows-amd64 JRE (1.8.0_221-b11), built on Jul  4 2019 04:39:29 by "java_re" with MS VC++ 10.0 (VS2010)

time: Fri Feb 13 11:44:58 2026
timezone: Hora est. Pacífico, Sudamérica
elapsed time: 6 seconds (0d 0h 0m 6s)

